<?xml version="1.0" encoding="UTF-8"?>
<testsuite name="com.io.image.manager.service.operations.ImageOperationTest" tests="1" skipped="0" failures="0" errors="0" timestamp="2021-05-12T16:11:20" hostname="Jakubs-MacBook-Pro-2.local" time="0.319">
  <properties/>
  <testcase name="multiExecuteOperationTest()" classname="com.io.image.manager.service.operations.ImageOperationTest" time="0.319"/>
  <system-out><![CDATA[]]></system-out>
  <system-err><![CDATA[]]></system-err>
</testsuite>
