<?xml version="1.0" encoding="UTF-8"?>
<testsuite name="com.io.image.manager.service.operations.ScaleOperationTest" tests="2" skipped="0" failures="0" errors="0" timestamp="2021-05-12T16:11:22" hostname="Jakubs-MacBook-Pro-2.local" time="0.098">
  <properties/>
  <testcase name="scaleExecuteOperationTest()" classname="com.io.image.manager.service.operations.ScaleOperationTest" time="0.078"/>
  <testcase name="throwImageOperationExceptionWhenWrongOperationParams()" classname="com.io.image.manager.service.operations.ScaleOperationTest" time="0.018"/>
  <system-out><![CDATA[]]></system-out>
  <system-err><![CDATA[]]></system-err>
</testsuite>
