<?xml version="1.0" encoding="UTF-8"?>
<testsuite name="com.io.image.manager.service.operations.WatermarkOperationTest" tests="1" skipped="0" failures="0" errors="0" timestamp="2021-05-12T16:11:20" hostname="Jakubs-MacBook-Pro-2.local" time="2.262">
  <properties/>
  <testcase name="watermarkExecuteOperationTest()" classname="com.io.image.manager.service.operations.WatermarkOperationTest" time="2.262"/>
  <system-out><![CDATA[]]></system-out>
  <system-err><![CDATA[]]></system-err>
</testsuite>
