<?xml version="1.0" encoding="UTF-8"?>
<testsuite name="com.io.image.manager.service.operations.ImageOperationParserTest" tests="3" skipped="0" failures="0" errors="0" timestamp="2021-05-12T16:11:19" hostname="Jakubs-MacBook-Pro-2.local" time="0.136">
  <properties/>
  <testcase name="parseQueryParams()" classname="com.io.image.manager.service.operations.ImageOperationParserTest" time="0.124"/>
  <testcase name="throwExceptionWhenWrongOperationName()" classname="com.io.image.manager.service.operations.ImageOperationParserTest" time="0.003"/>
  <testcase name="parseQueryParamsNull()" classname="com.io.image.manager.service.operations.ImageOperationParserTest" time="0.002"/>
  <system-out><![CDATA[]]></system-out>
  <system-err><![CDATA[]]></system-err>
</testsuite>
